MPASM 5.68                     LCD16FASM.ASM   8-8-2016  11:34:59         PAGE  1


LOC  OBJECT CODE     LINE SOURCE TEXT
  VALUE

                      00001     
                      00002 #include "p16F628A.inc"
                      00001         LIST
                      00002 
                      00003 ;==========================================================================
                      00004 ; Build date : May 15 2016
                      00005 ;  MPASM PIC16F628A processor include
                      00006 ; 
                      00007 ;  (c) Copyright 1999-2016 Microchip Technology, All rights reserved
                      00008 ;==========================================================================
                      00009 
                      00386         LIST
2007   3F38           00003     __CONFIG _FOSC_INTOSCIO & _WDTE_OFF & _PWRTE_OFF & _MCLRE_ON & _BOREN_OFF & _LVP_OFF & _CPD_OFF & _C
                            P_OFF
                      00004  ;Preprocesor directives    
                      00005  #define LCDdata PORTB
                      00006  #define TRISLCDdata TRISB
                      00007  #define bitsData b'00000000'   ;Number of bits 4/8 in LCD transmision
                      00008  #define CLEARSCREEN 0x01       ;Command to clear the screen in LCD
                      00009  #define FIRSTLINE 0x80        ;Go to the first line in LCD
                      00010  #define SECONDLINE 0xC0        ;Go to the second line in LCD 
                      00011  #define MODE8BIT5x8M 0x38      ;To select 8 bit mode in LCD
                      00012  #define DISPLAYON 0x0C         ;To turnON LCD
                      00013  #define TRISEnable TRISA       ;TRIS of PORT in that Enable pin is. 
                      00014  #define PORTEnable PORTA       ;Port in that pin Enable is.
                      00015  #define PORTRS PORTA   ;Port in that pin RS is.
                      00016  #define TRISRS TRISA   ;TRIS of PORT in that RS pin is.
                      00017  #define RS 0           ;Command or data
                      00018  #define Enable 1               ;Pin to latch the data in LCD mem
                      00019  
                      00020  ;****************************************************************VAR DEFINITION
                      00021     CBLOCK 0x20
  00000020            00022     delayvar:3
  00000023            00023     counter
                      00024     ENDC
                      00025     
                      00026  org 0
0000   2???           00027  goto main
                      00028 ;********************************************************************MAIN RUTINE
0001                  00029 main:
0001   2???           00030     call initialconfig
0002   2???           00031     call initialmsgLCD
0003   2???           00032     goto main
                      00033 ;******************************************************INITIAL MESSAGE SUBRUTINE
0004                  00034 initialmsgLCD:
0004   01A3           00035     clrf counter
0005                  00036 initmsg1:    
0005   30??           00037     movlw HIGH msg1
0006   008A           00038     movwf PCLATH
0007   0823           00039     movf counter,W
0008   2???           00040     call msg1
0009   3800           00041     iorlw 0x00 ; To modify STATUS Register
000A   1903           00042     btfsc STATUS,Z
MPASM 5.68                     LCD16FASM.ASM   8-8-2016  11:34:59         PAGE  2


LOC  OBJECT CODE     LINE SOURCE TEXT
  VALUE

000B   0008           00043     return
000C   2???           00044     call pData
000D   0AA3           00045     incf counter,F
000E   2???           00046     goto initmsg1
                      00047     
                      00048 ;*******************************************************Configuration SUBRUTINES    
000F                  00049 initialconfig:
000F   3007           00050     movlw 0x07 ; 7=PORTS as digital I/O
0010   009F           00051     movwf CMCON 
                      00052     
0011   1683 1303      00053     banksel TRISLCDdata ;Chosse bank of LCD TRIS data PORT
Message[302]: Register in operand not in bank 0.  Ensure that bank bits are correct.
0013   0806           00054     movf TRISLCDdata,W
0014   3900           00055     andlw bitsData
Message[302]: Register in operand not in bank 0.  Ensure that bank bits are correct.
0015   0586           00056     andwf TRISLCDdata,F ;Setting direction only of LCD data pins
                      00057     
0016   1283 1303      00058     banksel LCDdata ;Choose bank of LCD data PORT
0018   0806           00059     movf LCDdata,W
0019   3900           00060     andlw bitsData
001A   0586           00061     andwf LCDdata,F ;Setting initial values for LCD data pins
                      00062     
001B   1683 1303      00063     banksel TRISEnable ;Data direction of Enable pin
Message[302]: Register in operand not in bank 0.  Ensure that bank bits are correct.
001D   1085           00064     bcf TRISEnable,Enable
001E   1283 1303      00065     banksel PORTEnable
0020   1085           00066     bcf PORTEnable,Enable  ;Initial value for Enable pin
                      00067     
0021   1683 1303      00068     banksel TRISRS ;Data direction of Enable pin
Message[302]: Register in operand not in bank 0.  Ensure that bank bits are correct.
0023   1005           00069     bcf TRISRS,RS
0024   1283 1303      00070     banksel PORTRS
0026   1005           00071     bcf PORTRS,RS  ;Initial value for Enable pin  
                      00072     
0027   3002           00073     movlw 0x02
0028   2???           00074     call delayW0ms ; Wait 10ms for Start up of LCD
                      00075     
0029   01A3           00076     clrf counter
002A   30??           00077 init1:    movlw high ctrLCD ; Calling LCD control SUBRUTINE 
002B   008A           00078     movwf PCLATH
002C   0823           00079     movf counter,W
002D   2???           00080     call ctrLCD
002E   3800           00081     iorlw 0x00    ;for modify STATUS
002F   1903           00082     btfsc STATUS,Z ;0 means end of the table
0030   0008           00083     return
0031   2???           00084     call command 
0032   0AA3           00085     incf counter,F
0033   2???           00086     goto init1 
                      00087     
                      00088 ;******************************************************************LCD SUBRUTINE
0034                  00089 pulseEnable:
0034   1485           00090     bsf PORTEnable,Enable
0035   0000           00091     nop
MPASM 5.68                     LCD16FASM.ASM   8-8-2016  11:34:59         PAGE  3


LOC  OBJECT CODE     LINE SOURCE TEXT
  VALUE

0036   1085           00092     bcf PORTEnable,Enable
0037   0008           00093     return
0038                  00094 pData:
0038   0086           00095     movwf LCDdata
0039   1405           00096     bsf PORTRS,RS
003A   2???           00097     call pulseEnable
003B   3002           00098     movlw 0x02
003C   2???           00099     call delayW0ms ; Wait for execute another command or intruction
003D   0008           00100     return
003E                  00101 command:
003E   0086           00102     movwf LCDdata
003F   1005           00103     bcf PORTRS,RS
0040   2???           00104     call pulseEnable
0041   3002           00105     movlw 0x02
0042   2???           00106     call delayW0ms ; Wait for execute another command or instruction
0043   0008           00107     return
                      00108 ;***************************************************************DELAY SUBRUTINES    
0044                  00109 delay10ms:  ;4MHz frecuency oscillator
0044   3054           00110     movlw d'84'  ;A Value
0045   00A1           00111     movwf delayvar+1
0046   3026           00112 d0:   movlw d'38' ;B Value
0047   00A0           00113     movwf delayvar  
0048   0000           00114     nop
0049   0BA0           00115 d1:  decfsz delayvar,F
004A   2???           00116     goto d1
004B   0BA1           00117     decfsz delayvar+1,F
004C   2???           00118     goto d0      
004D   0008           00119     return ;2+1+1+A[1+1+1+B+1+2B-2]+A+1+2A-2+2 => 5+A[5+3B]
                      00120     
004E                  00121 delayW0ms: ;It is neccesary load a properly value in the acumulator before use 
                      00122            ;this subrutine
004E   00A2           00123     movwf delayvar+2
004F   2???           00124 d2:    call delay10ms
0050   0BA2           00125     decfsz delayvar+2,F
0051   2???           00126     goto d2
0052   0008           00127     return
                      00128     
                      00129 ;****************************************************************Packages to LCD   
0053   0782           00130 ctrLCD: addwf PCL,F
0054   3438 340C 3401 00131      dt MODE8BIT5x8M,DISPLAYON,CLEARSCREEN,FIRSTLINE,0
       3480 3400 
0059   0782           00132 msg1:addwf PCL,F
005A   3420 3457 3445 00133      dt " WELCOME        ",0 ;to call charge the PCLATH (HIGH msg1)
       344C 3443 344F 
       344D 3445 3420 
       3420 3420 3420 
       3420 3420 3420 
       3420 3400 
006B   0782           00134 msg2:addwf PCL,F    
006C   3420 3454 3469 00135      dt " Time:          ",0 
       346D 3465 343A 
       3420 3420 3420 
       3420 3420 3420 
MPASM 5.68                     LCD16FASM.ASM   8-8-2016  11:34:59         PAGE  4


LOC  OBJECT CODE     LINE SOURCE TEXT
  VALUE

       3420 3420 3420 
       3420 3400 
                      00136     
3F38                  00137  END
MPASM 5.68                     LCD16FASM.ASM   8-8-2016  11:34:59         PAGE  5


SYMBOL TABLE
  LABEL                             VALUE 

ADDEN                             00000003
ADEN                              00000003
BRGH                              00000002
C                                 00000000
C1INV                             00000004
C1OUT                             00000006
C2INV                             00000005
C2OUT                             00000007
CCP1CON                           00000017
CCP1IE                            00000002
CCP1IF                            00000002
CCP1M0                            00000000
CCP1M1                            00000001
CCP1M2                            00000002
CCP1M3                            00000003
CCP1X                             00000005
CCP1Y                             00000004
CCPR1                             00000015
CCPR1H                            00000016
CCPR1L                            00000015
CIS                               00000003
CLEARSCREEN                       0x01
CM0                               00000000
CM1                               00000001
CM2                               00000002
CMCON                             0000001F
CMIE                              00000006
CMIF                              00000006
CREN                              00000004
CSRC                              00000007
DATA_CP_OFF                       00003FFF
DATA_CP_ON                        00003EFF
DC                                00000001
DISPLAYON                         0x0C
EEADR                             0000009B
EECON1                            0000009C
EECON2                            0000009D
EEDATA                            0000009A
EEIE                              00000007
EEIF                              00000007
Enable                            1
F                                 00000001
FERR                              00000002
FIRSTLINE                         0x80
FSR                               00000004
GIE                               00000007
INDF                              00000000
INTCON                            0000000B
INTE                              00000004
INTEDG                            00000006
INTF                              00000001
IRP                               00000007
LCDdata                           PORTB
MPASM 5.68                     LCD16FASM.ASM   8-8-2016  11:34:59         PAGE  6


SYMBOL TABLE
  LABEL                             VALUE 

MODE8BIT5x8M                      0x38
NOT_BO                            00000000
NOT_BOD                           00000000
NOT_BOR                           00000000
NOT_PD                            00000003
NOT_POR                           00000001
NOT_RBPU                          00000007
NOT_T1SYNC                        00000002
NOT_TO                            00000004
OERR                              00000001
OPTION_REG                        00000081
OSCF                              00000003
PCL                               00000002
PCLATH                            0000000A
PCON                              0000008E
PEIE                              00000006
PIE1                              0000008C
PIR1                              0000000C
PORTA                             00000005
PORTB                             00000006
PORTEnable                        PORTA
PORTRS                            PORTA
PR2                               00000092
PS0                               00000000
PS1                               00000001
PS2                               00000002
PSA                               00000003
RA0                               00000000
RA1                               00000001
RA2                               00000002
RA3                               00000003
RA4                               00000004
RA5                               00000005
RA6                               00000006
RA7                               00000007
RB0                               00000000
RB1                               00000001
RB2                               00000002
RB3                               00000003
RB4                               00000004
RB5                               00000005
RB6                               00000006
RB7                               00000007
RBIE                              00000003
RBIF                              00000000
RCIE                              00000005
RCIF                              00000005
RCREG                             0000001A
RCSTA                             00000018
RD                                00000000
RP0                               00000005
RP1                               00000006
RS                                0
MPASM 5.68                     LCD16FASM.ASM   8-8-2016  11:34:59         PAGE  7


SYMBOL TABLE
  LABEL                             VALUE 

RX9                               00000006
RX9D                              00000000
SECONDLINE                        0xC0
SPBRG                             00000099
SPEN                              00000007
SREN                              00000005
STATUS                            00000003
SYNC                              00000004
T0CS                              00000005
T0IE                              00000005
T0IF                              00000002
T0SE                              00000004
T1CKPS0                           00000004
T1CKPS1                           00000005
T1CON                             00000010
T1OSCEN                           00000003
T2CKPS0                           00000000
T2CKPS1                           00000001
T2CON                             00000012
TMR0                              00000001
TMR0IE                            00000005
TMR0IF                            00000002
TMR1                              0000000E
TMR1CS                            00000001
TMR1H                             0000000F
TMR1IE                            00000000
TMR1IF                            00000000
TMR1L                             0000000E
TMR1ON                            00000000
TMR2                              00000011
TMR2IE                            00000001
TMR2IF                            00000001
TMR2ON                            00000002
TOUTPS0                           00000003
TOUTPS1                           00000004
TOUTPS2                           00000005
TOUTPS3                           00000006
TRISA                             00000085
TRISA0                            00000000
TRISA1                            00000001
TRISA2                            00000002
TRISA3                            00000003
TRISA4                            00000004
TRISA5                            00000005
TRISA6                            00000006
TRISA7                            00000007
TRISB                             00000086
TRISB0                            00000000
TRISB1                            00000001
TRISB2                            00000002
TRISB3                            00000003
TRISB4                            00000004
TRISB5                            00000005
MPASM 5.68                     LCD16FASM.ASM   8-8-2016  11:34:59         PAGE  8


SYMBOL TABLE
  LABEL                             VALUE 

TRISB6                            00000006
TRISB7                            00000007
TRISEnable                        TRISA
TRISLCDdata                       TRISB
TRISRS                            TRISA
TRMT                              00000001
TX9                               00000006
TX9D                              00000000
TXEN                              00000005
TXIE                              00000004
TXIF                              00000004
TXREG                             00000019
TXSTA                             00000098
VR0                               00000000
VR1                               00000001
VR2                               00000002
VR3                               00000003
VRCON                             0000009F
VREN                              00000007
VROE                              00000006
VRR                               00000005
W                                 00000000
WR                                00000001
WREN                              00000002
WRERR                             00000003
Z                                 00000002
_BODEN_OFF                        00003FBF
_BODEN_ON                         00003FFF
_BOREN_OFF                        00003FBF
_BOREN_ON                         00003FFF
_CONFIG                           00002007
_CPD_OFF                          00003FFF
_CPD_ON                           00003EFF
_CP_OFF                           00003FFF
_CP_ON                            00001FFF
_DEVID1                           00002006
_ER_OSC_CLKOUT                    00003FFF
_ER_OSC_NOCLKOUT                  00003FFE
_EXTCLK_OSC                       00003FEF
_FOSC_ECIO                        00003FEF
_FOSC_EXTRCCLK                    00003FFF
_FOSC_EXTRCIO                     00003FFE
_FOSC_HS                          00003FEE
_FOSC_INTOSCCLK                   00003FFD
_FOSC_INTOSCIO                    00003FFC
_FOSC_LP                          00003FEC
_FOSC_XT                          00003FED
_HS_OSC                           00003FEE
_IDLOC0                           00002000
_IDLOC1                           00002001
_IDLOC2                           00002002
_IDLOC3                           00002003
_INTOSC_OSC_CLKOUT                00003FFD
MPASM 5.68                     LCD16FASM.ASM   8-8-2016  11:34:59         PAGE  9


SYMBOL TABLE
  LABEL                             VALUE 

_INTOSC_OSC_NOCLKOUT              00003FFC
_INTRC_OSC_CLKOUT                 00003FFD
_INTRC_OSC_NOCLKOUT               00003FFC
_LP_OSC                           00003FEC
_LVP_OFF                          00003F7F
_LVP_ON                           00003FFF
_MCLRE_OFF                        00003FDF
_MCLRE_ON                         00003FFF
_PWRTE_OFF                        00003FFF
_PWRTE_ON                         00003FF7
_RC_OSC_CLKOUT                    00003FFF
_RC_OSC_NOCLKOUT                  00003FFE
_WDTE_OFF                         00003FFB
_WDTE_ON                          00003FFF
_WDT_OFF                          00003FFB
_WDT_ON                           00003FFF
_XT_OSC                           00003FED
__16F628A                         00000001
bitsData                          b'00000000'
command                           0000003E
counter                           00000023
ctrLCD                            00000053
d0                                00000046
d1                                00000049
d2                                0000004F
delay10ms                         00000044
delayW0ms                         0000004E
delayvar                          00000020
init1                             0000002A
initialconfig                     0000000F
initialmsgLCD                     00000004
initmsg1                          00000005
main                              00000001
msg1                              00000059
msg2                              0000006B
pData                             00000038
pulseEnable                       00000034

Errors   :     0
Warnings :     0 reported,     0 suppressed
Messages :     4 reported,     0 suppressed

